<?xml version="1.0" encoding="UTF-8"?>
<!-- Generated by org.testng.reporters.JUnitReportReporter -->
<testsuite hostname="josh-Latitude-3410" failures="0" tests="5" name="com.demo.testcases.web.WebAppointmentInstructionsPageTest" time="18.703" errors="0" timestamp="2023-07-13T15:24:26 IST" skipped="0">
  <testcase classname="com.demo.testcases.web.WebAppointmentInstructionsPageTest" name="instructions_tab" time="5.245"/>
  <system-out/>
  <testcase classname="com.demo.testcases.web.WebAppointmentInstructionsPageTest" name="search_test" time="3.496"/>
  <system-out/>
  <testcase classname="com.demo.testcases.web.WebAppointmentInstructionsPageTest" name="search_instruction" time="4.355"/>
  <system-out/>
  <testcase classname="com.demo.testcases.web.WebAppointmentInstructionsPageTest" name="search_procedure" time="4.567"/>
  <system-out/>
  <testcase classname="com.demo.testcases.web.WebAppointmentInstructionsPageTest" name="create_new_test_inst_procedure" time="1.040"/>
  <system-out/>
</testsuite> <!-- com.demo.testcases.web.WebAppointmentInstructionsPageTest -->
