<?xml version="1.0" encoding="UTF-8"?>
<!-- Generated by org.testng.reporters.JUnitReportReporter -->
<testsuite hostname="josh-Latitude-3410" failures="0" tests="3" name="com.demo.testcases.web.WebHomePageTest" time="0.006" errors="0" timestamp="2023-08-31T12:46:39 IST" skipped="3">
  <testcase classname="com.demo.testcases.web.WebHomePageTest" name="select_evening_slot" time="0.003">
    <skipped/>
  </testcase> <!-- select_evening_slot -->
  <system-out/>
  <testcase classname="com.demo.testcases.web.WebHomePageTest" name="appointment" time="0.003">
    <skipped/>
  </testcase> <!-- appointment -->
  <system-out/>
  <testcase classname="com.demo.testcases.web.WebHomePageTest" name="verify_disabled_slot">
    <skipped/>
  </testcase> <!-- verify_disabled_slot -->
  <system-out/>
</testsuite> <!-- com.demo.testcases.web.WebHomePageTest -->
