<?xml version="1.0" encoding="UTF-8"?>
<!-- Generated by org.testng.reporters.JUnitReportReporter -->
<testsuite hostname="josh-Latitude-3410" failures="0" tests="3" name="com.demo.testcases.web.WebHomePageTest" time="66.652" errors="0" timestamp="2023-08-25T11:10:00 IST" skipped="1">
  <testcase classname="com.demo.testcases.web.WebHomePageTest" name="select_evening_slot" time="9.343"/>
  <system-out/>
  <testcase classname="com.demo.testcases.web.WebHomePageTest" name="appointment" time="57.309"/>
  <system-out/>
  <testcase classname="com.demo.testcases.web.WebHomePageTest" name="verify_disabled_slot">
    <skipped/>
  </testcase> <!-- verify_disabled_slot -->
  <system-out/>
</testsuite> <!-- com.demo.testcases.web.WebHomePageTest -->
