<?xml version="1.0" encoding="UTF-8"?>
<!-- Generated by org.testng.reporters.JUnitReportReporter -->
<testsuite hostname="josh-Latitude-3410" failures="0" tests="8" name="com.demo.testcases.web.WebSummaryPageTest" time="76.765" errors="0" timestamp="2023-08-25T11:10:00 IST" skipped="0">
  <testcase classname="com.demo.testcases.web.WebSummaryPageTest" name="summary_tab" time="23.520"/>
  <system-out/>
  <testcase classname="com.demo.testcases.web.WebSummaryPageTest" name="test_instruction_procedure" time="21.467"/>
  <system-out/>
  <testcase classname="com.demo.testcases.web.WebSummaryPageTest" name="add_drugs" time="0.295"/>
  <system-out/>
  <testcase classname="com.demo.testcases.web.WebSummaryPageTest" name="add_new_drug" time="0.221"/>
  <system-out/>
  <testcase classname="com.demo.testcases.web.WebSummaryPageTest" name="drugs_frequency" time="0.423"/>
  <system-out/>
  <testcase classname="com.demo.testcases.web.WebSummaryPageTest" name="add_cfd" time="0.241"/>
  <system-out/>
  <testcase classname="com.demo.testcases.web.WebSummaryPageTest" name="saved_record" time="17.704"/>
  <system-out/>
  <testcase classname="com.demo.testcases.web.WebSummaryPageTest" name="verify_record_is_printed" time="12.894"/>
  <system-out/>
</testsuite> <!-- com.demo.testcases.web.WebSummaryPageTest -->
