<?xml version="1.0" encoding="UTF-8"?>
<!-- Generated by org.testng.reporters.JUnitReportReporter -->
<testsuite hostname="josh-Latitude-3410" failures="0" tests="5" name="com.demo.testcases.web.WebCFDPageTest" time="20.826" errors="0" timestamp="2023-08-25T11:10:00 IST" skipped="2">
  <testcase classname="com.demo.testcases.web.WebCFDPageTest" name="appointment" time="5.348"/>
  <system-out/>
  <testcase classname="com.demo.testcases.web.WebCFDPageTest" name="verify_20_popular_diagnosis" time="2.303"/>
  <system-out/>
  <testcase classname="com.demo.testcases.web.WebCFDPageTest" name="add_cfd" time="13.175"/>
  <system-out/>
  <testcase classname="com.demo.testcases.web.WebCFDPageTest" name="delete_added_popular_diagnosis">
    <skipped/>
  </testcase> <!-- delete_added_popular_diagnosis -->
  <system-out/>
  <testcase classname="com.demo.testcases.web.WebCFDPageTest" name="diagnosis_tab_delete_cfd">
    <skipped/>
  </testcase> <!-- diagnosis_tab_delete_cfd -->
  <system-out/>
</testsuite> <!-- com.demo.testcases.web.WebCFDPageTest -->
